0 info it worked if it ends with ok
1 verbose cli [ '/usr/local/bin/node',
1 verbose cli   '/usr/local/bin/npm',
1 verbose cli   'version',
1 verbose cli   'patch',
1 verbose cli   '-m',
1 verbose cli   'Version %s - first implementation' ]
2 info using npm@3.10.8
3 info using node@v7.0.0
4 info git [ 'status', '--porcelain' ]
5 info lifecycle create-graphql-server-authorization@0.0.3~preversion: create-graphql-server-authorization@0.0.3
6 silly lifecycle create-graphql-server-authorization@0.0.3~preversion: no script for preversion, continuing
7 verbose version.write data { name: 'create-graphql-server-authorization',
7 verbose version.write   version: '0.0.3',
7 verbose version.write   description: 'Authorization package for create-graphql-server',
7 verbose version.write   main: 'dist/index.js',
7 verbose version.write   scripts:
7 verbose version.write    { dev: 'babel-node src/index.js',
7 verbose version.write      start: 'node dist/index.js',
7 verbose version.write      eslint: 'node_modules/.bin/eslint src',
7 verbose version.write      prettier: 'node_modules/.bin/prettier src/**/*.js --write',
7 verbose version.write      test: 'mocha --require babel-register --reporter spec',
7 verbose version.write      cover: 'node_modules/istanbul/lib/cli.js cover node_modules/mocha/bin/_mocha -- -R spec test/*',
7 verbose version.write      clean: 'rm -rf dist/*',
7 verbose version.write      build: 'npm run clean && babel src -D --out-dir dist/',
7 verbose version.write      prepublish: 'npm run build' },
7 verbose version.write   engines: { node: '>=7.0.0' },
7 verbose version.write   repository:
7 verbose version.write    { type: 'git',
7 verbose version.write      url: 'git+https://github.com/tobkle/create-graphql-server-authorization.git' },
7 verbose version.write   keywords: [ 'create-graphql-server', 'authorization' ],
7 verbose version.write   author: 'Tobias Klemmer <tobias@klemmer.info> (https://www.klemmer.info)',
7 verbose version.write   license: 'MIT',
7 verbose version.write   bugs: { url: 'https://github.com/tobkle/create-graphql-server-authorization/issues' },
7 verbose version.write   homepage: 'https://github.com/tobkle/create-graphql-server-authorization#readme',
7 verbose version.write   devDependencies:
7 verbose version.write    { 'babel-cli': '6.16.0',
7 verbose version.write      'babel-core': '6.17.0',
7 verbose version.write      'babel-eslint': '^7.2.3',
7 verbose version.write      'babel-preset-es2015': '6.16.0',
7 verbose version.write      'babel-preset-react': '6.16.0',
7 verbose version.write      'babel-preset-stage-2': '6.17.0',
7 verbose version.write      'babel-register': '6.16.3',
7 verbose version.write      chai: '^4.0.1',
7 verbose version.write      eslint: '3.8.1',
7 verbose version.write      'eslint-config-prettier': '^2.3.0',
7 verbose version.write      'eslint-config-react-app': '^2.0.0',
7 verbose version.write      'eslint-plugin-babel': '3.3.0',
7 verbose version.write      'eslint-plugin-flowtype': '2.21.0',
7 verbose version.write      'eslint-plugin-import': '2.0.1',
7 verbose version.write      'eslint-plugin-jsx-a11y': '2.2.3',
7 verbose version.write      'eslint-plugin-prettier': '^2.1.2',
7 verbose version.write      'eslint-plugin-react': '6.4.1',
7 verbose version.write      istanbul: '^0.4.5',
7 verbose version.write      mocha: '^3.4.2',
7 verbose version.write      prettier: '^1.5.3' },
7 verbose version.write   dependencies: { lodash: '4.16.4', winston: '^2.3.1' } } to package.json
8 info lifecycle create-graphql-server-authorization@0.0.3~version: create-graphql-server-authorization@0.0.3
9 silly lifecycle create-graphql-server-authorization@0.0.3~version: no script for version, continuing
10 info git [ 'add',
10 info git   '/Users/Toby/MICRO/create-graphql-server-authorization/package.json' ]
11 info git [ 'commit', '-m', 'Version 0.0.3 - first implementation' ]
12 info git [ 'tag', 'v0.0.3', '-am', 'Version 0.0.3 - first implementation' ]
13 verbose stack Error: Command failed: git tag v0.0.3 -am Version 0.0.3 - first implementation
13 verbose stack fatal: tag 'v0.0.3' already exists
13 verbose stack
13 verbose stack     at ChildProcess.exithandler (child_process.js:211:12)
13 verbose stack     at emitTwo (events.js:106:13)
13 verbose stack     at ChildProcess.emit (events.js:191:7)
13 verbose stack     at maybeClose (internal/child_process.js:877:16)
13 verbose stack     at Process.ChildProcess._handle.onexit (internal/child_process.js:226:5)
14 verbose cwd /Users/Toby/MICRO/create-graphql-server-authorization
15 error Darwin 16.7.0
16 error argv "/usr/local/bin/node" "/usr/local/bin/npm" "version" "patch" "-m" "Version %s - first implementation"
17 error node v7.0.0
18 error npm  v3.10.8
19 error code 128
20 error Command failed: git tag v0.0.3 -am Version 0.0.3 - first implementation
20 error fatal: tag 'v0.0.3' already exists
21 error If you need help, you may report this error at:
21 error     <https://github.com/npm/npm/issues>
22 verbose exit [ 1, true ]
