2017-08-15 00:55:32  Authorize testMode 'authlog' with user '<no-user>' hello log.debug
2017-08-15 00:55:32  Authorize testMode 'authlog' with user 'tobkle' hello log.debug
2017-08-15 00:55:32  ERROR Authorize testMode 'authlog' with user '<no-user>' test-error
2017-08-15 00:55:32  ERROR Authorize testMode 'checkAuth' with user '<no-user>' and role: 'null' is not authorized.
2017-08-15 00:55:32  ERROR Authorize testMode 'checkAuth' with user '<no-user>' and role: 'null' is not authorized.
2017-08-15 00:55:32  ERROR Authorize testMode 'checkAuth' with user '<no-user>' and role: 'null' is not authorized.
2017-08-15 00:55:33  ERROR Authorize testMode 'checkAuth' with user 'tobkle' and role: 'null' is not authorized.
2017-08-15 00:55:33  ERROR Authorize testMode 'checkAuth' with user 'tobkle' and role: 'admin' is not authorized.
2017-08-15 00:55:33  ERROR Authorize testMode 'checkAuth' with user 'tobkle' and role: 'admin' is not authorized.
2017-08-15 00:55:33  Authorize testMode 'checkAuth' with user 'tobkle' and role 'admin' is authorized
2017-08-15 00:55:33  Authorize testMode 'checkAuth' with user 'tobkle' and role: 'admin' is authorized by userRole.
2017-08-15 00:55:33  ERROR Authorize testMode 'checkAuth' with user 'tobkle' and role: 'admin' is not authorized.
2017-08-15 00:55:33  ERROR Authorize testMode 'checkAuth' with user 'tobkle' and role: 'admin' is not authorized.
2017-08-15 00:55:33  ERROR Authorize testMode 'checkAuth' with user 'tobkle' and role: 'admin' is not authorized.
2017-08-15 00:55:33  Authorize testMode 'checkAuth' with user 'tobkle' and role: 'admin' is authorized by docRole.
2017-08-15 00:55:33  ERROR Authorize testMode 'queryForRoles-01' with user '<no-user>' and role: 'null' is not authorized.
2017-08-15 00:55:33  ERROR Authorize testMode 'queryForRoles-02' with user '<no-user>' and role: 'null' is not authorized.
2017-08-15 00:55:33  ERROR Authorize testMode 'queryForRoles-03' with user '<no-user>' and role: 'null' is not authorized.
2017-08-15 00:55:33  ERROR Authorize testMode 'queryForRoles-04' with user 'tobkle' and role: 'other' is not authorized.
2017-08-15 00:55:33  Authorize testMode 'queryForRoles-05' with user 'tobkle' and role 'admin' is authorized
2017-08-15 00:55:33  Authorize testMode 'queryForRoles-06' with user 'tobkle' and role 'admin' is authorized
2017-08-15 00:55:33  Authorize testMode 'queryForRoles-07' with user 'tobkle' and role: 'admin' with 
        authQuery: {
  "$or": [
    {
      "authorId": {
        "$oid": "583291a1638566b3c5a92ca1"
      }
    }
  ]
}
2017-08-15 00:55:33  Authorize testMode 'queryForRoles-08' with user 'tobkle' and role: 'admin' with 
        authQuery: {
  "$or": [
    {
      "authorId": {
        "$oid": "583291a1638566b3c5a92ca1"
      }
    },
    {
      "coauthorsIds": {
        "$oid": "583291a1638566b3c5a92ca1"
      }
    }
  ]
}
2017-08-15 00:55:33  Authorize testMode 'queryForRoles-09' with user 'tobkle' and role 'admin' is authorized
2017-08-15 00:55:33  Authorize testMode 'queryForRoles-10' with user 'tobkle' and role 'admin' is authorized
2017-08-15 00:55:33  Authorize testMode 'queryForRoles-11' with user '<no-user>' and role '<no-role>' is authorized
2017-08-15 00:55:33  Authorize testMode 'userRoleAuthorized' with user 'tmeasday' and role 'admin' is authorized
2017-08-15 00:55:33  Authorize testMode 'userRoleAuthorized' with user 'tmeasday' and role 'admin' is authorized
